mode: set
github.com/h2p2f/practicum-metrics/internal/server/httpserver/handlers/dbping/dbping.go:28.62,29.54 1 1
github.com/h2p2f/practicum-metrics/internal/server/httpserver/handlers/dbping/dbping.go:29.54,31.33 1 1
github.com/h2p2f/practicum-metrics/internal/server/httpserver/handlers/dbping/dbping.go:31.33,34.4 2 0
github.com/h2p2f/practicum-metrics/internal/server/httpserver/handlers/dbping/dbping.go:36.3,37.17 2 1
github.com/h2p2f/practicum-metrics/internal/server/httpserver/handlers/dbping/dbping.go:37.17,40.4 2 0
github.com/h2p2f/practicum-metrics/internal/server/httpserver/handlers/dbping/dbping.go:42.3,44.17 3 1
github.com/h2p2f/practicum-metrics/internal/server/httpserver/handlers/dbping/dbping.go:44.17,47.4 2 0
github.com/h2p2f/practicum-metrics/internal/server/httpserver/handlers/getallmetrics/getallmetrics.go:30.62,31.54 1 1
github.com/h2p2f/practicum-metrics/internal/server/httpserver/handlers/getallmetrics/getallmetrics.go:31.54,33.33 1 1
github.com/h2p2f/practicum-metrics/internal/server/httpserver/handlers/getallmetrics/getallmetrics.go:33.33,37.4 3 1
github.com/h2p2f/practicum-metrics/internal/server/httpserver/handlers/getallmetrics/getallmetrics.go:40.3,50.17 5 1
github.com/h2p2f/practicum-metrics/internal/server/httpserver/handlers/getallmetrics/getallmetrics.go:50.17,54.4 3 0
github.com/h2p2f/practicum-metrics/internal/server/httpserver/handlers/getallmetrics/getallmetrics.go:57.3,57.30 1 1
github.com/h2p2f/practicum-metrics/internal/server/httpserver/handlers/getallmetrics/getallmetrics.go:57.30,59.18 2 1
github.com/h2p2f/practicum-metrics/internal/server/httpserver/handlers/getallmetrics/getallmetrics.go:59.18,63.5 3 0
github.com/h2p2f/practicum-metrics/internal/server/httpserver/handlers/getallmetrics/getallmetrics.go:67.3,68.17 2 1
github.com/h2p2f/practicum-metrics/internal/server/httpserver/handlers/getallmetrics/getallmetrics.go:68.17,72.4 3 0
github.com/h2p2f/practicum-metrics/internal/server/httpserver/handlers/getallmetrics/getallmetrics.go:75.3,75.28 1 1
github.com/h2p2f/practicum-metrics/internal/server/httpserver/handlers/getallmetrics/getallmetrics.go:75.28,77.18 2 1
github.com/h2p2f/practicum-metrics/internal/server/httpserver/handlers/getallmetrics/getallmetrics.go:77.18,81.5 3 0
github.com/h2p2f/practicum-metrics/internal/server/httpserver/handlers/getmetric/getmetric.go:31.62,32.54 1 1
github.com/h2p2f/practicum-metrics/internal/server/httpserver/handlers/getmetric/getmetric.go:32.54,34.33 1 1
github.com/h2p2f/practicum-metrics/internal/server/httpserver/handlers/getmetric/getmetric.go:34.33,38.4 3 0
github.com/h2p2f/practicum-metrics/internal/server/httpserver/handlers/getmetric/getmetric.go:40.3,43.32 3 1
github.com/h2p2f/practicum-metrics/internal/server/httpserver/handlers/getmetric/getmetric.go:43.32,46.4 2 1
github.com/h2p2f/practicum-metrics/internal/server/httpserver/handlers/getmetric/getmetric.go:48.3,48.17 1 1
github.com/h2p2f/practicum-metrics/internal/server/httpserver/handlers/getmetric/getmetric.go:49.16,51.18 2 1
github.com/h2p2f/practicum-metrics/internal/server/httpserver/handlers/getmetric/getmetric.go:51.18,54.5 2 0
github.com/h2p2f/practicum-metrics/internal/server/httpserver/handlers/getmetric/getmetric.go:55.4,56.18 2 1
github.com/h2p2f/practicum-metrics/internal/server/httpserver/handlers/getmetric/getmetric.go:56.18,60.5 3 0
github.com/h2p2f/practicum-metrics/internal/server/httpserver/handlers/getmetric/getmetric.go:61.18,63.18 2 1
github.com/h2p2f/practicum-metrics/internal/server/httpserver/handlers/getmetric/getmetric.go:63.18,66.5 1 0
github.com/h2p2f/practicum-metrics/internal/server/httpserver/handlers/getmetric/getmetric.go:67.4,68.18 2 1
github.com/h2p2f/practicum-metrics/internal/server/httpserver/handlers/getmetric/getmetric.go:68.18,72.5 2 0
github.com/h2p2f/practicum-metrics/internal/server/httpserver/handlers/getmetric/getmetric.go:73.11,75.10 2 0
github.com/h2p2f/practicum-metrics/internal/server/httpserver/handlers/getmetric/getmetric.go:78.3,79.31 2 1
github.com/h2p2f/practicum-metrics/internal/server/httpserver/handlers/updatejson/updatejson.go:35.60,36.54 1 1
github.com/h2p2f/practicum-metrics/internal/server/httpserver/handlers/updatejson/updatejson.go:36.54,38.34 1 1
github.com/h2p2f/practicum-metrics/internal/server/httpserver/handlers/updatejson/updatejson.go:38.34,42.4 3 0
github.com/h2p2f/practicum-metrics/internal/server/httpserver/handlers/updatejson/updatejson.go:44.3,46.65 2 1
github.com/h2p2f/practicum-metrics/internal/server/httpserver/handlers/updatejson/updatejson.go:46.65,50.4 3 0
github.com/h2p2f/practicum-metrics/internal/server/httpserver/handlers/updatejson/updatejson.go:52.3,52.44 1 1
github.com/h2p2f/practicum-metrics/internal/server/httpserver/handlers/updatejson/updatejson.go:52.44,55.4 2 1
github.com/h2p2f/practicum-metrics/internal/server/httpserver/handlers/updatejson/updatejson.go:58.3,58.47 1 1
github.com/h2p2f/practicum-metrics/internal/server/httpserver/handlers/updatejson/updatejson.go:58.47,61.4 2 0
github.com/h2p2f/practicum-metrics/internal/server/httpserver/handlers/updatejson/updatejson.go:64.3,64.47 1 1
github.com/h2p2f/practicum-metrics/internal/server/httpserver/handlers/updatejson/updatejson.go:64.47,67.4 2 1
github.com/h2p2f/practicum-metrics/internal/server/httpserver/handlers/updatejson/updatejson.go:69.3,71.15 2 1
github.com/h2p2f/practicum-metrics/internal/server/httpserver/handlers/updatejson/updatejson.go:72.19,73.4 1 1
github.com/h2p2f/practicum-metrics/internal/server/httpserver/handlers/updatejson/updatejson.go:73.4,74.25 1 1
github.com/h2p2f/practicum-metrics/internal/server/httpserver/handlers/updatejson/updatejson.go:75.18,76.43 1 1
github.com/h2p2f/practicum-metrics/internal/server/httpserver/handlers/updatejson/updatejson.go:77.20,78.6 1 0
github.com/h2p2f/practicum-metrics/internal/server/httpserver/handlers/updatejson/updatejson.go:78.6,81.7 2 0
github.com/h2p2f/practicum-metrics/internal/server/httpserver/handlers/updatejson/updatejson.go:82.13,84.12 2 0
github.com/h2p2f/practicum-metrics/internal/server/httpserver/handlers/updatejson/updatejson.go:88.18,89.4 1 0
github.com/h2p2f/practicum-metrics/internal/server/httpserver/handlers/updatejson/updatejson.go:89.4,90.25 1 0
github.com/h2p2f/practicum-metrics/internal/server/httpserver/handlers/updatejson/updatejson.go:91.18,92.6 1 0
github.com/h2p2f/practicum-metrics/internal/server/httpserver/handlers/updatejson/updatejson.go:92.6,95.7 2 0
github.com/h2p2f/practicum-metrics/internal/server/httpserver/handlers/updatejson/updatejson.go:96.20,97.6 1 0
github.com/h2p2f/practicum-metrics/internal/server/httpserver/handlers/updatejson/updatejson.go:97.6,100.7 2 0
github.com/h2p2f/practicum-metrics/internal/server/httpserver/handlers/updatejson/updatejson.go:105.3,106.17 2 1
github.com/h2p2f/practicum-metrics/internal/server/httpserver/handlers/updatejson/updatejson.go:106.17,110.4 3 0
github.com/h2p2f/practicum-metrics/internal/server/httpserver/handlers/updatejson/updatejson.go:113.3,115.42 3 1
github.com/h2p2f/practicum-metrics/internal/server/httpserver/handlers/updatejson/updatejson.go:115.42,119.4 3 0
github.com/h2p2f/practicum-metrics/internal/server/httpserver/handlers/updatemetric/updatemetric.go:33.60,34.54 1 1
github.com/h2p2f/practicum-metrics/internal/server/httpserver/handlers/updatemetric/updatemetric.go:34.54,36.34 1 1
github.com/h2p2f/practicum-metrics/internal/server/httpserver/handlers/updatemetric/updatemetric.go:36.34,40.4 3 0
github.com/h2p2f/practicum-metrics/internal/server/httpserver/handlers/updatemetric/updatemetric.go:42.3,46.19 4 1
github.com/h2p2f/practicum-metrics/internal/server/httpserver/handlers/updatemetric/updatemetric.go:46.19,51.4 3 1
github.com/h2p2f/practicum-metrics/internal/server/httpserver/handlers/updatemetric/updatemetric.go:52.3,52.31 1 1
github.com/h2p2f/practicum-metrics/internal/server/httpserver/handlers/updatemetric/updatemetric.go:52.31,55.4 2 0
github.com/h2p2f/practicum-metrics/internal/server/httpserver/handlers/updatemetric/updatemetric.go:57.3,57.17 1 1
github.com/h2p2f/practicum-metrics/internal/server/httpserver/handlers/updatemetric/updatemetric.go:58.16,61.18 2 1
github.com/h2p2f/practicum-metrics/internal/server/httpserver/handlers/updatemetric/updatemetric.go:61.18,65.5 3 0
github.com/h2p2f/practicum-metrics/internal/server/httpserver/handlers/updatemetric/updatemetric.go:67.4,67.13 1 1
github.com/h2p2f/practicum-metrics/internal/server/httpserver/handlers/updatemetric/updatemetric.go:67.13,71.5 3 0
github.com/h2p2f/practicum-metrics/internal/server/httpserver/handlers/updatemetric/updatemetric.go:73.4,73.23 1 1
github.com/h2p2f/practicum-metrics/internal/server/httpserver/handlers/updatemetric/updatemetric.go:74.18,77.18 2 1
github.com/h2p2f/practicum-metrics/internal/server/httpserver/handlers/updatemetric/updatemetric.go:77.18,81.5 3 0
github.com/h2p2f/practicum-metrics/internal/server/httpserver/handlers/updatemetric/updatemetric.go:83.4,83.13 1 1
github.com/h2p2f/practicum-metrics/internal/server/httpserver/handlers/updatemetric/updatemetric.go:83.13,87.5 3 1
github.com/h2p2f/practicum-metrics/internal/server/httpserver/handlers/updatemetric/updatemetric.go:89.4,89.25 1 0
github.com/h2p2f/practicum-metrics/internal/server/httpserver/handlers/updatemetric/updatemetric.go:91.11,94.10 3 0
github.com/h2p2f/practicum-metrics/internal/server/httpserver/handlers/updatesmetrics/updatesmetrics.go:30.60,31.54 1 1
github.com/h2p2f/practicum-metrics/internal/server/httpserver/handlers/updatesmetrics/updatesmetrics.go:31.54,33.34 1 1
github.com/h2p2f/practicum-metrics/internal/server/httpserver/handlers/updatesmetrics/updatesmetrics.go:33.34,37.4 3 0
github.com/h2p2f/practicum-metrics/internal/server/httpserver/handlers/updatesmetrics/updatesmetrics.go:39.3,44.17 3 1
github.com/h2p2f/practicum-metrics/internal/server/httpserver/handlers/updatesmetrics/updatesmetrics.go:44.17,48.4 3 0
github.com/h2p2f/practicum-metrics/internal/server/httpserver/handlers/updatesmetrics/updatesmetrics.go:50.3,51.17 2 1
github.com/h2p2f/practicum-metrics/internal/server/httpserver/handlers/updatesmetrics/updatesmetrics.go:51.17,55.4 3 0
github.com/h2p2f/practicum-metrics/internal/server/httpserver/handlers/updatesmetrics/updatesmetrics.go:57.3,57.34 1 1
github.com/h2p2f/practicum-metrics/internal/server/httpserver/handlers/updatesmetrics/updatesmetrics.go:57.34,58.24 1 1
github.com/h2p2f/practicum-metrics/internal/server/httpserver/handlers/updatesmetrics/updatesmetrics.go:59.17,61.26 1 1
github.com/h2p2f/practicum-metrics/internal/server/httpserver/handlers/updatesmetrics/updatesmetrics.go:61.26,64.6 2 0
github.com/h2p2f/practicum-metrics/internal/server/httpserver/handlers/updatesmetrics/updatesmetrics.go:66.5,66.42 1 1
github.com/h2p2f/practicum-metrics/internal/server/httpserver/handlers/updatesmetrics/updatesmetrics.go:67.19,69.26 1 1
github.com/h2p2f/practicum-metrics/internal/server/httpserver/handlers/updatesmetrics/updatesmetrics.go:69.26,72.6 2 1
github.com/h2p2f/practicum-metrics/internal/server/httpserver/handlers/updatesmetrics/updatesmetrics.go:74.5,74.44 1 1
github.com/h2p2f/practicum-metrics/internal/server/httpserver/handlers/updatesmetrics/updatesmetrics.go:78.3,78.31 1 1
