mode: set
github.com/h2p2f/practicum-metrics/internal/server/httpserver/handlers/dbping/dbping.go:28.62,29.54 1 1
github.com/h2p2f/practicum-metrics/internal/server/httpserver/handlers/dbping/dbping.go:29.54,31.33 1 1
github.com/h2p2f/practicum-metrics/internal/server/httpserver/handlers/dbping/dbping.go:31.33,34.4 2 0
github.com/h2p2f/practicum-metrics/internal/server/httpserver/handlers/dbping/dbping.go:36.3,37.17 2 1
github.com/h2p2f/practicum-metrics/internal/server/httpserver/handlers/dbping/dbping.go:37.17,40.4 2 0
github.com/h2p2f/practicum-metrics/internal/server/httpserver/handlers/dbping/dbping.go:41.3,45.17 4 1
github.com/h2p2f/practicum-metrics/internal/server/httpserver/handlers/dbping/dbping.go:45.17,48.4 2 0
github.com/h2p2f/practicum-metrics/internal/server/httpserver/handlers/getallmetrics/getallmetrics.go:30.62,31.54 1 1
github.com/h2p2f/practicum-metrics/internal/server/httpserver/handlers/getallmetrics/getallmetrics.go:31.54,33.33 1 1
github.com/h2p2f/practicum-metrics/internal/server/httpserver/handlers/getallmetrics/getallmetrics.go:33.33,37.4 3 1
github.com/h2p2f/practicum-metrics/internal/server/httpserver/handlers/getallmetrics/getallmetrics.go:40.3,50.17 5 1
github.com/h2p2f/practicum-metrics/internal/server/httpserver/handlers/getallmetrics/getallmetrics.go:50.17,54.4 3 0
github.com/h2p2f/practicum-metrics/internal/server/httpserver/handlers/getallmetrics/getallmetrics.go:57.3,57.30 1 1
github.com/h2p2f/practicum-metrics/internal/server/httpserver/handlers/getallmetrics/getallmetrics.go:57.30,59.18 2 1
github.com/h2p2f/practicum-metrics/internal/server/httpserver/handlers/getallmetrics/getallmetrics.go:59.18,63.5 3 0
github.com/h2p2f/practicum-metrics/internal/server/httpserver/handlers/getallmetrics/getallmetrics.go:67.3,68.17 2 1
github.com/h2p2f/practicum-metrics/internal/server/httpserver/handlers/getallmetrics/getallmetrics.go:68.17,72.4 3 0
github.com/h2p2f/practicum-metrics/internal/server/httpserver/handlers/getallmetrics/getallmetrics.go:75.3,75.28 1 1
github.com/h2p2f/practicum-metrics/internal/server/httpserver/handlers/getallmetrics/getallmetrics.go:75.28,77.18 2 1
github.com/h2p2f/practicum-metrics/internal/server/httpserver/handlers/getallmetrics/getallmetrics.go:77.18,81.5 3 0
github.com/h2p2f/practicum-metrics/internal/server/httpserver/handlers/getmetric/getmetric.go:31.62,32.54 1 1
github.com/h2p2f/practicum-metrics/internal/server/httpserver/handlers/getmetric/getmetric.go:32.54,34.33 1 1
github.com/h2p2f/practicum-metrics/internal/server/httpserver/handlers/getmetric/getmetric.go:34.33,38.4 3 0
github.com/h2p2f/practicum-metrics/internal/server/httpserver/handlers/getmetric/getmetric.go:40.3,43.32 3 1
github.com/h2p2f/practicum-metrics/internal/server/httpserver/handlers/getmetric/getmetric.go:43.32,46.4 2 1
github.com/h2p2f/practicum-metrics/internal/server/httpserver/handlers/getmetric/getmetric.go:48.3,48.17 1 1
github.com/h2p2f/practicum-metrics/internal/server/httpserver/handlers/getmetric/getmetric.go:49.16,51.18 2 1
github.com/h2p2f/practicum-metrics/internal/server/httpserver/handlers/getmetric/getmetric.go:51.18,54.5 2 0
github.com/h2p2f/practicum-metrics/internal/server/httpserver/handlers/getmetric/getmetric.go:55.4,56.18 2 1
github.com/h2p2f/practicum-metrics/internal/server/httpserver/handlers/getmetric/getmetric.go:56.18,60.5 3 0
github.com/h2p2f/practicum-metrics/internal/server/httpserver/handlers/getmetric/getmetric.go:61.18,63.18 2 1
github.com/h2p2f/practicum-metrics/internal/server/httpserver/handlers/getmetric/getmetric.go:63.18,66.5 1 0
github.com/h2p2f/practicum-metrics/internal/server/httpserver/handlers/getmetric/getmetric.go:67.4,68.18 2 1
github.com/h2p2f/practicum-metrics/internal/server/httpserver/handlers/getmetric/getmetric.go:68.18,72.5 2 0
github.com/h2p2f/practicum-metrics/internal/server/httpserver/handlers/getmetric/getmetric.go:73.11,75.10 2 0
github.com/h2p2f/practicum-metrics/internal/server/httpserver/handlers/getmetric/getmetric.go:78.3,79.31 2 1
github.com/h2p2f/practicum-metrics/internal/server/httpserver/handlers/updatejson/updatejson.go:35.60,36.54 1 1
github.com/h2p2f/practicum-metrics/internal/server/httpserver/handlers/updatejson/updatejson.go:36.54,38.34 1 1
github.com/h2p2f/practicum-metrics/internal/server/httpserver/handlers/updatejson/updatejson.go:38.34,42.4 3 0
github.com/h2p2f/practicum-metrics/internal/server/httpserver/handlers/updatejson/updatejson.go:44.3,46.65 2 1
github.com/h2p2f/practicum-metrics/internal/server/httpserver/handlers/updatejson/updatejson.go:46.65,50.4 3 0
github.com/h2p2f/practicum-metrics/internal/server/httpserver/handlers/updatejson/updatejson.go:52.3,52.44 1 1
github.com/h2p2f/practicum-metrics/internal/server/httpserver/handlers/updatejson/updatejson.go:52.44,55.4 2 1
github.com/h2p2f/practicum-metrics/internal/server/httpserver/handlers/updatejson/updatejson.go:58.3,58.47 1 1
github.com/h2p2f/practicum-metrics/internal/server/httpserver/handlers/updatejson/updatejson.go:58.47,61.4 2 0
github.com/h2p2f/practicum-metrics/internal/server/httpserver/handlers/updatejson/updatejson.go:64.3,64.47 1 1
github.com/h2p2f/practicum-metrics/internal/server/httpserver/handlers/updatejson/updatejson.go:64.47,67.4 2 1
github.com/h2p2f/practicum-metrics/internal/server/httpserver/handlers/updatejson/updatejson.go:69.3,71.15 2 1
github.com/h2p2f/practicum-metrics/internal/server/httpserver/handlers/updatejson/updatejson.go:72.19,73.4 1 1
github.com/h2p2f/practicum-metrics/internal/server/httpserver/handlers/updatejson/updatejson.go:73.4,74.25 1 1
github.com/h2p2f/practicum-metrics/internal/server/httpserver/handlers/updatejson/updatejson.go:75.18,76.43 1 1
github.com/h2p2f/practicum-metrics/internal/server/httpserver/handlers/updatejson/updatejson.go:77.20,78.6 1 0
github.com/h2p2f/practicum-metrics/internal/server/httpserver/handlers/updatejson/updatejson.go:78.6,81.7 2 0
github.com/h2p2f/practicum-metrics/internal/server/httpserver/handlers/updatejson/updatejson.go:82.13,84.12 2 0
github.com/h2p2f/practicum-metrics/internal/server/httpserver/handlers/updatejson/updatejson.go:88.18,89.4 1 0
github.com/h2p2f/practicum-metrics/internal/server/httpserver/handlers/updatejson/updatejson.go:89.4,90.25 1 0
github.com/h2p2f/practicum-metrics/internal/server/httpserver/handlers/updatejson/updatejson.go:91.18,92.6 1 0
github.com/h2p2f/practicum-metrics/internal/server/httpserver/handlers/updatejson/updatejson.go:92.6,95.7 2 0
github.com/h2p2f/practicum-metrics/internal/server/httpserver/handlers/updatejson/updatejson.go:96.20,97.6 1 0
github.com/h2p2f/practicum-metrics/internal/server/httpserver/handlers/updatejson/updatejson.go:97.6,100.7 2 0
github.com/h2p2f/practicum-metrics/internal/server/httpserver/handlers/updatejson/updatejson.go:105.3,106.17 2 1
github.com/h2p2f/practicum-metrics/internal/server/httpserver/handlers/updatejson/updatejson.go:106.17,110.4 3 0
github.com/h2p2f/practicum-metrics/internal/server/httpserver/handlers/updatejson/updatejson.go:113.3,115.42 3 1
github.com/h2p2f/practicum-metrics/internal/server/httpserver/handlers/updatejson/updatejson.go:115.42,119.4 3 0
github.com/h2p2f/practicum-metrics/internal/server/httpserver/handlers/updatemetric/updatemetric.go:33.60,34.54 1 1
github.com/h2p2f/practicum-metrics/internal/server/httpserver/handlers/updatemetric/updatemetric.go:34.54,36.34 1 1
github.com/h2p2f/practicum-metrics/internal/server/httpserver/handlers/updatemetric/updatemetric.go:36.34,40.4 3 0
github.com/h2p2f/practicum-metrics/internal/server/httpserver/handlers/updatemetric/updatemetric.go:42.3,46.19 4 1
github.com/h2p2f/practicum-metrics/internal/server/httpserver/handlers/updatemetric/updatemetric.go:46.19,51.4 3 1
github.com/h2p2f/practicum-metrics/internal/server/httpserver/handlers/updatemetric/updatemetric.go:52.3,52.31 1 1
github.com/h2p2f/practicum-metrics/internal/server/httpserver/handlers/updatemetric/updatemetric.go:52.31,55.4 2 0
github.com/h2p2f/practicum-metrics/internal/server/httpserver/handlers/updatemetric/updatemetric.go:57.3,57.17 1 1
github.com/h2p2f/practicum-metrics/internal/server/httpserver/handlers/updatemetric/updatemetric.go:58.16,61.18 2 1
github.com/h2p2f/practicum-metrics/internal/server/httpserver/handlers/updatemetric/updatemetric.go:61.18,65.5 3 0
github.com/h2p2f/practicum-metrics/internal/server/httpserver/handlers/updatemetric/updatemetric.go:67.4,67.13 1 1
github.com/h2p2f/practicum-metrics/internal/server/httpserver/handlers/updatemetric/updatemetric.go:67.13,71.5 3 0
github.com/h2p2f/practicum-metrics/internal/server/httpserver/handlers/updatemetric/updatemetric.go:73.4,73.23 1 1
github.com/h2p2f/practicum-metrics/internal/server/httpserver/handlers/updatemetric/updatemetric.go:74.18,77.18 2 1
github.com/h2p2f/practicum-metrics/internal/server/httpserver/handlers/updatemetric/updatemetric.go:77.18,81.5 3 0
github.com/h2p2f/practicum-metrics/internal/server/httpserver/handlers/updatemetric/updatemetric.go:83.4,83.13 1 1
github.com/h2p2f/practicum-metrics/internal/server/httpserver/handlers/updatemetric/updatemetric.go:83.13,87.5 3 1
github.com/h2p2f/practicum-metrics/internal/server/httpserver/handlers/updatemetric/updatemetric.go:89.4,89.25 1 0
github.com/h2p2f/practicum-metrics/internal/server/httpserver/handlers/updatemetric/updatemetric.go:91.11,94.10 3 0
github.com/h2p2f/practicum-metrics/internal/server/httpserver/handlers/updatesmetrics/updatesmetrics.go:30.60,31.54 1 1
github.com/h2p2f/practicum-metrics/internal/server/httpserver/handlers/updatesmetrics/updatesmetrics.go:31.54,33.34 1 1
github.com/h2p2f/practicum-metrics/internal/server/httpserver/handlers/updatesmetrics/updatesmetrics.go:33.34,37.4 3 0
github.com/h2p2f/practicum-metrics/internal/server/httpserver/handlers/updatesmetrics/updatesmetrics.go:39.3,44.17 3 1
github.com/h2p2f/practicum-metrics/internal/server/httpserver/handlers/updatesmetrics/updatesmetrics.go:44.17,48.4 3 0
github.com/h2p2f/practicum-metrics/internal/server/httpserver/handlers/updatesmetrics/updatesmetrics.go:50.3,51.17 2 1
github.com/h2p2f/practicum-metrics/internal/server/httpserver/handlers/updatesmetrics/updatesmetrics.go:51.17,55.4 3 0
github.com/h2p2f/practicum-metrics/internal/server/httpserver/handlers/updatesmetrics/updatesmetrics.go:57.3,57.34 1 1
github.com/h2p2f/practicum-metrics/internal/server/httpserver/handlers/updatesmetrics/updatesmetrics.go:57.34,58.24 1 1
github.com/h2p2f/practicum-metrics/internal/server/httpserver/handlers/updatesmetrics/updatesmetrics.go:59.17,61.26 1 1
github.com/h2p2f/practicum-metrics/internal/server/httpserver/handlers/updatesmetrics/updatesmetrics.go:61.26,64.6 2 0
github.com/h2p2f/practicum-metrics/internal/server/httpserver/handlers/updatesmetrics/updatesmetrics.go:66.5,66.42 1 1
github.com/h2p2f/practicum-metrics/internal/server/httpserver/handlers/updatesmetrics/updatesmetrics.go:67.19,69.26 1 1
github.com/h2p2f/practicum-metrics/internal/server/httpserver/handlers/updatesmetrics/updatesmetrics.go:69.26,72.6 2 1
github.com/h2p2f/practicum-metrics/internal/server/httpserver/handlers/updatesmetrics/updatesmetrics.go:74.5,74.44 1 1
github.com/h2p2f/practicum-metrics/internal/server/httpserver/handlers/updatesmetrics/updatesmetrics.go:78.3,78.31 1 1
github.com/h2p2f/practicum-metrics/internal/server/httpserver/middlewares/compressormiddleware/compressormiddleware.go:34.63,37.2 2 1
github.com/h2p2f/practicum-metrics/internal/server/httpserver/middlewares/compressormiddleware/compressormiddleware.go:42.48,44.2 1 1
github.com/h2p2f/practicum-metrics/internal/server/httpserver/middlewares/compressormiddleware/compressormiddleware.go:49.56,51.2 1 1
github.com/h2p2f/practicum-metrics/internal/server/httpserver/middlewares/compressormiddleware/compressormiddleware.go:56.55,58.42 2 0
github.com/h2p2f/practicum-metrics/internal/server/httpserver/middlewares/compressormiddleware/compressormiddleware.go:58.42,60.3 1 0
github.com/h2p2f/practicum-metrics/internal/server/httpserver/middlewares/compressormiddleware/compressormiddleware.go:66.41,68.2 1 1
github.com/h2p2f/practicum-metrics/internal/server/httpserver/middlewares/compressormiddleware/compressormiddleware.go:73.66,75.16 2 0
github.com/h2p2f/practicum-metrics/internal/server/httpserver/middlewares/compressormiddleware/compressormiddleware.go:75.16,77.3 1 0
github.com/h2p2f/practicum-metrics/internal/server/httpserver/middlewares/compressormiddleware/compressormiddleware.go:78.2,78.35 1 0
github.com/h2p2f/practicum-metrics/internal/server/httpserver/middlewares/compressormiddleware/compressormiddleware.go:84.55,86.2 1 0
github.com/h2p2f/practicum-metrics/internal/server/httpserver/middlewares/compressormiddleware/compressormiddleware.go:91.41,92.37 1 0
github.com/h2p2f/practicum-metrics/internal/server/httpserver/middlewares/compressormiddleware/compressormiddleware.go:92.37,94.3 1 0
github.com/h2p2f/practicum-metrics/internal/server/httpserver/middlewares/compressormiddleware/compressormiddleware.go:95.2,95.21 1 0
github.com/h2p2f/practicum-metrics/internal/server/httpserver/middlewares/compressormiddleware/compressormiddleware.go:101.52,102.71 1 1
github.com/h2p2f/practicum-metrics/internal/server/httpserver/middlewares/compressormiddleware/compressormiddleware.go:102.71,108.32 5 1
github.com/h2p2f/practicum-metrics/internal/server/httpserver/middlewares/compressormiddleware/compressormiddleware.go:108.32,112.4 3 1
github.com/h2p2f/practicum-metrics/internal/server/httpserver/middlewares/compressormiddleware/compressormiddleware.go:114.3,114.31 1 1
github.com/h2p2f/practicum-metrics/internal/server/httpserver/middlewares/compressormiddleware/compressormiddleware.go:114.31,121.17 5 1
github.com/h2p2f/practicum-metrics/internal/server/httpserver/middlewares/compressormiddleware/compressormiddleware.go:121.17,123.19 2 1
github.com/h2p2f/practicum-metrics/internal/server/httpserver/middlewares/compressormiddleware/compressormiddleware.go:123.19,125.6 1 0
github.com/h2p2f/practicum-metrics/internal/server/httpserver/middlewares/compressormiddleware/compressormiddleware.go:127.4,127.35 1 1
github.com/h2p2f/practicum-metrics/internal/server/httpserver/middlewares/compressormiddleware/compressormiddleware.go:130.3,130.15 1 1
github.com/h2p2f/practicum-metrics/internal/server/httpserver/middlewares/compressormiddleware/compressormiddleware.go:130.15,139.18 5 0
github.com/h2p2f/practicum-metrics/internal/server/httpserver/middlewares/compressormiddleware/compressormiddleware.go:139.18,141.5 1 0
github.com/h2p2f/practicum-metrics/internal/server/httpserver/middlewares/compressormiddleware/compressormiddleware.go:142.4,145.35 3 0
github.com/h2p2f/practicum-metrics/internal/server/httpserver/middlewares/hashmiddleware/hashmiddleware.go:23.76,24.15 1 1
github.com/h2p2f/practicum-metrics/internal/server/httpserver/middlewares/hashmiddleware/hashmiddleware.go:24.15,26.3 1 0
github.com/h2p2f/practicum-metrics/internal/server/httpserver/middlewares/hashmiddleware/hashmiddleware.go:27.2,29.33 3 1
github.com/h2p2f/practicum-metrics/internal/server/httpserver/middlewares/hashmiddleware/hashmiddleware.go:29.33,34.3 4 1
github.com/h2p2f/practicum-metrics/internal/server/httpserver/middlewares/hashmiddleware/hashmiddleware.go:35.2,35.18 1 1
github.com/h2p2f/practicum-metrics/internal/server/httpserver/middlewares/hashmiddleware/hashmiddleware.go:41.58,42.15 1 1
github.com/h2p2f/practicum-metrics/internal/server/httpserver/middlewares/hashmiddleware/hashmiddleware.go:42.15,44.3 1 0
github.com/h2p2f/practicum-metrics/internal/server/httpserver/middlewares/hashmiddleware/hashmiddleware.go:45.2,46.22 2 1
github.com/h2p2f/practicum-metrics/internal/server/httpserver/middlewares/hashmiddleware/hashmiddleware.go:56.87,57.46 1 1
github.com/h2p2f/practicum-metrics/internal/server/httpserver/middlewares/hashmiddleware/hashmiddleware.go:57.46,58.54 1 1
github.com/h2p2f/practicum-metrics/internal/server/httpserver/middlewares/hashmiddleware/hashmiddleware.go:58.54,61.18 3 1
github.com/h2p2f/practicum-metrics/internal/server/httpserver/middlewares/hashmiddleware/hashmiddleware.go:61.18,64.5 2 0
github.com/h2p2f/practicum-metrics/internal/server/httpserver/middlewares/hashmiddleware/hashmiddleware.go:65.4,66.35 2 1
github.com/h2p2f/practicum-metrics/internal/server/httpserver/middlewares/hashmiddleware/hashmiddleware.go:66.35,69.19 3 1
github.com/h2p2f/practicum-metrics/internal/server/httpserver/middlewares/hashmiddleware/hashmiddleware.go:69.19,72.6 2 0
github.com/h2p2f/practicum-metrics/internal/server/httpserver/middlewares/hashmiddleware/hashmiddleware.go:73.5,73.12 1 1
github.com/h2p2f/practicum-metrics/internal/server/httpserver/middlewares/hashmiddleware/hashmiddleware.go:73.12,76.6 2 1
github.com/h2p2f/practicum-metrics/internal/server/httpserver/middlewares/hashmiddleware/hashmiddleware.go:78.4,82.18 5 1
github.com/h2p2f/practicum-metrics/internal/server/httpserver/middlewares/hashmiddleware/hashmiddleware.go:82.18,85.5 2 0
github.com/h2p2f/practicum-metrics/internal/server/httpserver/middlewares/hashmiddleware/hashmiddleware.go:86.4,86.57 1 1
github.com/h2p2f/practicum-metrics/internal/server/httpserver/middlewares/hashmiddleware/hashmiddleware.go:88.3,88.30 1 1
github.com/h2p2f/practicum-metrics/internal/server/httpserver/middlewares/hashmiddleware/hashmiddleware.go:103.48,105.2 1 0
github.com/h2p2f/practicum-metrics/internal/server/httpserver/middlewares/hashmiddleware/hashmiddleware.go:110.56,113.2 2 0
github.com/h2p2f/practicum-metrics/internal/server/httpserver/middlewares/hashmiddleware/hashmiddleware.go:118.55,120.2 1 1
github.com/h2p2f/practicum-metrics/internal/server/httpserver/middlewares/loggermiddleware/loggermiddleware.go:22.74,23.46 1 1
github.com/h2p2f/practicum-metrics/internal/server/httpserver/middlewares/loggermiddleware/loggermiddleware.go:23.46,24.54 1 1
github.com/h2p2f/practicum-metrics/internal/server/httpserver/middlewares/loggermiddleware/loggermiddleware.go:24.54,32.17 4 1
github.com/h2p2f/practicum-metrics/internal/server/httpserver/middlewares/loggermiddleware/loggermiddleware.go:32.17,37.5 3 1
github.com/h2p2f/practicum-metrics/internal/server/httpserver/middlewares/loggermiddleware/loggermiddleware.go:38.4,38.25 1 1
github.com/h2p2f/practicum-metrics/internal/server/httpserver/middlewares/loggermiddleware/loggermiddleware.go:40.3,40.30 1 1
